TN:
SF:/home/maro/stuff/cUnitTest/unitTestExample/simpleRater.c
FN:4,rater
FNDA:4,rater
FNF:1
FNH:1
DA:4,4
DA:8,4
DA:9,4
DA:11,4
DA:13,1
DA:14,1
DA:16,0
DA:19,2
DA:20,1
DA:22,1
DA:24,1
LF:11
LH:10
end_of_record
TN:
SF:/home/maro/stuff/cUnitTest/unitTestExample/raterTester.c
FN:11,__wrap_time
FN:16,set_nightTime
FN:21,set_dayTime
FN:27,test_unknown_eventType
FN:31,test_smsRating_daytime
FN:35,test_smsRating_nighttime
FN:39,test_voiceRating_daytime
FN:43,test_voiceRating_nighttime
FN:48,main
FNDA:4,__wrap_time
FNDA:1,set_nightTime
FNDA:2,set_dayTime
FNDA:1,test_unknown_eventType
FNDA:1,test_smsRating_daytime
FNDA:1,test_smsRating_nighttime
FNDA:1,test_voiceRating_daytime
FNDA:0,test_voiceRating_nighttime
FNDA:1,main
FNF:9
FNH:8
DA:11,4
DA:13,4
DA:16,1
DA:17,1
DA:18,1
DA:21,2
DA:22,2
DA:23,2
DA:27,1
DA:28,1
DA:29,1
DA:31,1
DA:32,1
DA:33,1
DA:35,1
DA:36,1
DA:37,1
DA:39,1
DA:40,1
DA:41,1
DA:43,0
DA:44,0
DA:45,0
DA:48,1
DA:49,1
DA:57,1
LF:26
LH:23
end_of_record
